<?xml version="1.0" encoding="UTF-8"?>
<!-- Generated by org.testng.reporters.JUnitXMLReporter -->
<testsuite ignored="4" hostname="Omar-Khaled-Mohamed" failures="1" tests="3" name="Test" time="6.174" errors="0" timestamp="2021-11-04T13:24:50 EET">
  <testcase classname="tests.Commercail.CommercailHome.UserLoginTest" name="UserCanLoginSuccessfuly" time="2.403"/>
  <testcase classname="tests.Commercail.CommercailHome.UserLoginTest2" name="UserCanLoginSuccessfuly" time="0.235"/>
  <testcase classname="tests.Commercail.ServiceCategory.ServiceCategoryTest" name="CreateServiceCategory" time="3.411">
    <failure type="java.lang.IllegalArgumentException" message="Input must be set">
        <![CDATA[java.lang.IllegalArgumentException: Input must be set
at org.openqa.selenium.internal.Require.nonNull(Require.java:56)
at org.openqa.selenium.support.ui.FluentWait.<init>(FluentWait.java:97)
at org.openqa.selenium.support.ui.WebDriverWait.<init>(WebDriverWait.java:128)
at org.openqa.selenium.support.ui.WebDriverWait.<init>(WebDriverWait.java:61)
at org.openqa.selenium.support.ui.WebDriverWait.<init>(WebDriverWait.java:48)
at pages.Commercial.ServiceCategory.ServiceCategoryPage.Active(ServiceCategoryPage.java:63)
at tests.Commercail.ServiceCategory.ServiceCategoryTest.CreateServiceCategory(ServiceCategoryTest.java:52)
at java.base/java.util.ArrayList.forEach(ArrayList.java:1511)
... Removed 27 stack frames]]>
    </failure>
  </testcase> <!-- CreateServiceCategory -->
  <testcase classname="tests.Commercail.CommercailHome.TestBase" name="@BeforeSuite startDriver" time="0.0">
    <ignored/>
  </testcase> <!-- @BeforeSuite startDriver -->
  <testcase classname="tests.Commercail.CommercailHome.TestBase" name="@BeforeSuite startDriver" time="0.0">
    <ignored/>
  </testcase> <!-- @BeforeSuite startDriver -->
  <testcase classname="tests.Commercail.CommercailHome.TestBase" name="@AfterSuite stopDriver" time="0.0">
    <ignored/>
  </testcase> <!-- @AfterSuite stopDriver -->
  <testcase classname="tests.Commercail.CommercailHome.TestBase" name="@AfterSuite stopDriver" time="0.0">
    <ignored/>
  </testcase> <!-- @AfterSuite stopDriver -->
</testsuite> <!-- Test -->
